2026-05-31T12:30:28.186Z EMAIL-GW from=it@corp.com to=user_27@corp.com verdict=CLEAN spf=PASS
2026-05-31T12:32:40.949Z EMAIL-GW from=alerts@splunk.corp.com to=user_14@corp.com verdict=CLEAN spf=PASS
2026-05-31T12:33:16.288Z EMAIL-GW from=hr@corp.com to=user_04@corp.com verdict=CLEAN spf=PASS
2026-05-31T12:34:10.021Z EMAIL-GW from=hr@corp.com to=user_23@corp.com verdict=CLEAN spf=PASS
2026-05-31T12:34:54.221Z EMAIL-GW from=notifications@github.com to=user_07@corp.com verdict=CLEAN spf=PASS
2026-05-31T12:37:00.657Z EMAIL-GW from=alerts@splunk.corp.com to=user_27@corp.com verdict=CLEAN spf=PASS
2026-05-31T12:39:11.240Z EMAIL-GW from=alerts@splunk.corp.com to=user_14@corp.com verdict=CLEAN spf=PASS
2026-05-31T12:43:35.945Z EMAIL-GW from=hr@corp.com to=user_20@corp.com verdict=CLEAN spf=PASS
2026-05-31T12:44:28.931Z EMAIL-GW from=it@corp.com to=user_02@corp.com verdict=CLEAN spf=PASS
2026-05-31T12:45:08.790Z EMAIL-GW from=it@corp.com to=user_09@corp.com verdict=CLEAN spf=PASS
2026-05-31T12:46:08.876Z EMAIL-GW from=alerts@splunk.corp.com to=user_02@corp.com verdict=CLEAN spf=PASS
2026-05-31T12:46:31.388Z EMAIL-GW from=notifications@github.com to=user_12@corp.com verdict=CLEAN spf=PASS
2026-05-31T12:47:13.623Z EMAIL-GW from=noreply@corp.com to=user_06@corp.com verdict=CLEAN spf=PASS
2026-05-31T12:49:47.431Z EMAIL-GW from=hr@corp.com to=user_30@corp.com verdict=CLEAN spf=PASS
2026-05-31T12:49:51.032Z EMAIL-GW from=alerts@splunk.corp.com to=user_14@corp.com verdict=CLEAN spf=PASS
2026-05-31T12:50:38.732Z EMAIL-GW from=it@corp.com to=user_25@corp.com verdict=CLEAN spf=PASS
2026-05-31T12:51:02.945Z EMAIL-GW from=hr@corp.com to=user_16@corp.com verdict=CLEAN spf=PASS
2026-05-31T12:51:38.657Z EMAIL-GW from=notifications@github.com to=user_28@corp.com verdict=CLEAN spf=PASS
2026-05-31T12:58:41.079Z EMAIL-GW from=it@corp.com to=user_16@corp.com verdict=CLEAN spf=PASS
2026-05-31T13:01:15.857Z EMAIL-GW from=notifications@github.com to=user_02@corp.com verdict=CLEAN spf=PASS
2026-05-31T13:03:39.785Z EMAIL-GW from=hr@corp.com to=user_02@corp.com verdict=CLEAN spf=PASS
2026-05-31T13:03:57.474Z EMAIL-GW from=alerts@splunk.corp.com to=user_13@corp.com verdict=CLEAN spf=PASS
2026-05-31T13:03:59.686Z EMAIL-GW from=hr@corp.com to=user_17@corp.com verdict=CLEAN spf=PASS
2026-05-31T13:04:25.445Z EMAIL-GW from=notifications@github.com to=user_15@corp.com verdict=CLEAN spf=PASS
2026-05-31T13:06:32.076Z EMAIL-GW from=alerts@splunk.corp.com to=user_07@corp.com verdict=CLEAN spf=PASS
2026-05-31T13:10:37.282Z EMAIL-GW from=notifications@github.com to=user_04@corp.com verdict=CLEAN spf=PASS
2026-05-31T13:11:22.282Z EMAIL-GW from=hr@corp.com to=user_22@corp.com verdict=CLEAN spf=PASS
2026-05-31T13:12:25.401Z EMAIL-GW from=notifications@github.com to=user_27@corp.com verdict=CLEAN spf=PASS
2026-05-31T13:12:37.073Z EMAIL-GW from=alerts@splunk.corp.com to=user_07@corp.com verdict=CLEAN spf=PASS
2026-05-31T13:12:45.666Z EMAIL-GW from=alerts@splunk.corp.com to=user_22@corp.com verdict=CLEAN spf=PASS
2026-05-31T13:14:29.738Z EMAIL-GW from=hr@corp.com to=user_27@corp.com verdict=CLEAN spf=PASS
2026-05-31T13:17:28.243Z EMAIL-GW from=hr@corp.com to=user_14@corp.com verdict=CLEAN spf=PASS
2026-05-31T13:17:43.371Z EMAIL-GW from=alerts@splunk.corp.com to=user_30@corp.com verdict=CLEAN spf=PASS
2026-05-31T13:18:30.100Z EMAIL-GW from=notifications@github.com to=user_06@corp.com verdict=CLEAN spf=PASS
2026-05-31T13:19:45.016Z EMAIL-GW from=alerts@splunk.corp.com to=user_29@corp.com verdict=CLEAN spf=PASS
2026-05-31T13:20:33.110Z EMAIL-GW from=hr@corp.com to=user_17@corp.com verdict=CLEAN spf=PASS
2026-05-31T13:22:37.679Z EMAIL-GW from=it@corp.com to=user_09@corp.com verdict=CLEAN spf=PASS
2026-05-31T13:25:10.527Z EMAIL-GW from=alerts@splunk.corp.com to=user_28@corp.com verdict=CLEAN spf=PASS
2026-05-31T13:26:03.226Z EMAIL-GW from=notifications@github.com to=user_17@corp.com verdict=CLEAN spf=PASS
2026-05-31T13:28:16.309Z EMAIL-GW from=notifications@github.com to=user_05@corp.com verdict=CLEAN spf=PASS
