2026-05-31T12:29:33.064Z WKS0018 Sysmon EventID=22 ProcessCreate User=CORP/user_28 Details="DNS query suspicious-domain.xyz"
2026-05-31T12:31:15.290Z WKS0025 Sysmon EventID=3 ProcessCreate User=CORP/user_30 Details="outbound to 45.155.205.233"
2026-05-31T12:33:59.587Z WKS0004 Sysmon EventID=22 ProcessCreate User=CORP/user_05 Details="DNS query suspicious-domain.xyz"
2026-05-31T12:35:00.119Z WKS0008 Sysmon EventID=1 ProcessCreate User=CORP/user_17 Details="wmic process list brief"
2026-05-31T12:36:20.295Z WKS0011 Sysmon EventID=11 ProcessCreate User=CORP/user_11 Details="FileCreate C:\Users\user_11\Downloads\invoice.exe"
2026-05-31T12:41:00.929Z WKS0020 Sysmon EventID=22 ProcessCreate User=CORP/user_26 Details="DNS query suspicious-domain.xyz"
2026-05-31T12:45:11.046Z WKS0002 Sysmon EventID=11 ProcessCreate User=CORP/user_23 Details="FileCreate C:\Users\user_23\Downloads\update.exe"
2026-05-31T12:51:22.635Z WKS0008 Sysmon EventID=1 ProcessCreate User=CORP/user_20 Details="powershell.exe -enc ..."
2026-05-31T12:53:59.707Z WKS0023 Sysmon EventID=1 ProcessCreate User=CORP/user_11 Details="wmic process list brief"
2026-05-31T12:55:25.153Z WKS0017 Sysmon EventID=22 ProcessCreate User=CORP/user_27 Details="DNS query suspicious-domain.xyz"
2026-05-31T12:56:28.274Z WKS0013 Sysmon EventID=11 ProcessCreate User=CORP/user_28 Details="FileCreate C:\Users\user_28\Downloads\update.exe"
2026-05-31T12:58:17.669Z WKS0008 Sysmon EventID=22 ProcessCreate User=CORP/user_14 Details="DNS query suspicious-domain.xyz"
2026-05-31T12:59:21.720Z WKS0001 Sysmon EventID=11 ProcessCreate User=CORP/user_22 Details="FileCreate C:\Users\user_22\Downloads\update.exe"
2026-05-31T13:03:47.871Z WKS0014 Sysmon EventID=11 ProcessCreate User=CORP/user_27 Details="FileCreate C:\Users\user_27\Downloads\update.exe"
2026-05-31T13:04:13.087Z WKS0024 Sysmon EventID=22 ProcessCreate User=CORP/user_01 Details="DNS query suspicious-domain.xyz"
2026-05-31T13:05:07.738Z WKS0009 Sysmon EventID=1 ProcessCreate User=CORP/user_25 Details="reg query HKLM\Software"
2026-05-31T13:08:17.100Z WKS0005 Sysmon EventID=11 ProcessCreate User=CORP/user_29 Details="FileCreate C:\Users\user_29\Downloads\invoice.exe"
2026-05-31T13:10:19.643Z WKS0011 Sysmon EventID=8 CreateRemoteThread User=CORP/user_15 Details="powershell.exe -> lsass.exe"
2026-05-31T13:14:30.450Z WKS0022 Sysmon EventID=11 ProcessCreate User=CORP/user_15 Details="FileCreate C:\Users\user_15\Downloads\update.exe"
2026-05-31T13:15:04.568Z WKS0023 Sysmon EventID=1 ProcessCreate User=CORP/user_13 Details="cmd.exe /c whoami"
2026-05-31T13:15:14.695Z WKS0006 Sysmon EventID=8 CreateRemoteThread User=CORP/user_19 Details="powershell.exe -> lsass.exe"
2026-05-31T13:17:56.355Z WKS0011 Sysmon EventID=3 NetworkConnect User=CORP/user_15 Details="outbound to 203.0.113.3"
2026-05-31T13:21:19.083Z WKS0005 Sysmon EventID=8 CreateRemoteThread User=CORP/user_21 Details="powershell.exe -> lsass.exe"
2026-05-31T13:22:05.591Z WKS0007 Sysmon EventID=1 ProcessCreate User=CORP/user_21 Details="powershell.exe -enc ..."
2026-05-31T13:24:10.210Z WKS0005 Sysmon EventID=3 NetworkConnect User=CORP/user_21 Details="outbound to 203.0.113.1"
2026-05-31T13:27:50.799Z WKS0006 Sysmon EventID=3 NetworkConnect User=CORP/user_19 Details="outbound to 203.0.113.1"
