2026-05-31T11:29:07.048Z EMAIL-GW from=hr@corp.com to=user_20@corp.com verdict=CLEAN spf=PASS
2026-05-31T11:31:09.560Z EMAIL-GW from=it@corp.com to=user_27@corp.com verdict=CLEAN spf=PASS
2026-05-31T11:31:20.183Z EMAIL-GW from=hr@corp.com to=user_23@corp.com verdict=CLEAN spf=PASS
2026-05-31T11:34:45.613Z EMAIL-GW from=alerts@splunk.corp.com to=user_03@corp.com verdict=CLEAN spf=PASS
2026-05-31T11:34:46.453Z EMAIL-GW from=hr@corp.com to=user_02@corp.com verdict=CLEAN spf=PASS
2026-05-31T11:38:44.209Z EMAIL-GW from=noreply@corp.com to=user_18@corp.com verdict=CLEAN spf=PASS
2026-05-31T11:38:49.695Z EMAIL-GW from=alerts@splunk.corp.com to=user_23@corp.com verdict=CLEAN spf=PASS
2026-05-31T11:38:57.688Z EMAIL-GW from=noreply@corp.com to=user_19@corp.com verdict=CLEAN spf=PASS
2026-05-31T11:39:53.504Z EMAIL-GW from=noreply@corp.com to=user_29@corp.com verdict=CLEAN spf=PASS
2026-05-31T11:41:16.218Z EMAIL-GW from=alerts@splunk.corp.com to=user_18@corp.com verdict=CLEAN spf=PASS
2026-05-31T11:41:29.789Z EMAIL-GW from=notifications@github.com to=user_06@corp.com verdict=CLEAN spf=PASS
2026-05-31T11:42:00.620Z EMAIL-GW from=admin@corp-portal.xyz to=user_25@corp.com verdict=PHISH_CLICKED spf=FAIL
2026-05-31T11:42:15.429Z EMAIL-GW from=noreply@corp.com to=user_15@corp.com verdict=CLEAN spf=PASS
2026-05-31T11:44:29.216Z EMAIL-GW from=notifications@github.com to=user_28@corp.com verdict=CLEAN spf=PASS
2026-05-31T11:44:35.339Z EMAIL-GW from=hr@corp.com to=user_07@corp.com verdict=CLEAN spf=PASS
2026-05-31T11:45:27.610Z EMAIL-GW from=admin@corp-portal.xyz to=user_01@corp.com verdict=PHISH spf=FAIL
2026-05-31T11:48:22.686Z EMAIL-GW from=urgent@ceo-phish.com to=user_25@corp.com verdict=PHISH spf=FAIL
2026-05-31T11:48:55.933Z EMAIL-GW from=it@corp.com to=user_04@corp.com verdict=CLEAN spf=PASS
2026-05-31T11:49:13.803Z EMAIL-GW from=admin@corp-portal.xyz to=user_03@corp.com verdict=PHISH_CLICKED spf=FAIL
2026-05-31T11:49:48.884Z EMAIL-GW from=it@corp.com to=user_13@corp.com verdict=CLEAN spf=PASS
2026-05-31T11:50:06.627Z EMAIL-GW from=it@corp.com to=user_09@corp.com verdict=CLEAN spf=PASS
2026-05-31T11:50:37.664Z EMAIL-GW from=noreply@corp.com to=user_09@corp.com verdict=CLEAN spf=PASS
2026-05-31T11:50:41.763Z EMAIL-GW from=notifications@github.com to=user_11@corp.com verdict=CLEAN spf=PASS
2026-05-31T11:52:18.647Z EMAIL-GW from=it@corp.com to=user_14@corp.com verdict=CLEAN spf=PASS
2026-05-31T11:52:55.573Z EMAIL-GW from=notifications@github.com to=user_27@corp.com verdict=CLEAN spf=PASS
2026-05-31T11:54:54.072Z EMAIL-GW from=noreply@corp.com to=user_17@corp.com verdict=CLEAN spf=PASS
2026-05-31T11:56:54.047Z EMAIL-GW from=notifications@github.com to=user_30@corp.com verdict=CLEAN spf=PASS
2026-05-31T11:59:58.496Z EMAIL-GW from=hr@corp.com to=user_23@corp.com verdict=CLEAN spf=PASS
2026-05-31T12:00:00.887Z EMAIL-GW from=notifications@github.com to=user_26@corp.com verdict=CLEAN spf=PASS
2026-05-31T12:00:04.384Z EMAIL-GW from=noreply@corp.com to=user_22@corp.com verdict=CLEAN spf=PASS
2026-05-31T12:01:04.917Z EMAIL-GW from=it@corp.com to=user_24@corp.com verdict=CLEAN spf=PASS
2026-05-31T12:02:06.059Z EMAIL-GW from=noreply@corp.com to=user_02@corp.com verdict=CLEAN spf=PASS
2026-05-31T12:03:47.085Z EMAIL-GW from=hr@corp.com to=user_07@corp.com verdict=CLEAN spf=PASS
2026-05-31T12:04:25.071Z EMAIL-GW from=urgent@ceo-phish.com to=user_16@corp.com verdict=PHISH spf=FAIL
2026-05-31T12:06:01.735Z EMAIL-GW from=notifications@github.com to=user_17@corp.com verdict=CLEAN spf=PASS
2026-05-31T12:07:03.254Z EMAIL-GW from=invoice@fake-bill.net to=user_24@corp.com verdict=PHISH_CLICKED spf=FAIL
2026-05-31T12:11:35.471Z EMAIL-GW from=alerts@splunk.corp.com to=user_29@corp.com verdict=CLEAN spf=PASS
2026-05-31T12:12:55.538Z EMAIL-GW from=it@corp.com to=user_20@corp.com verdict=CLEAN spf=PASS
2026-05-31T12:14:38.022Z EMAIL-GW from=hr@corp.com to=user_07@corp.com verdict=CLEAN spf=PASS
2026-05-31T12:16:01.792Z EMAIL-GW from=noreply@corp.com to=user_19@corp.com verdict=CLEAN spf=PASS
2026-05-31T12:18:09.838Z EMAIL-GW from=notifications@github.com to=user_16@corp.com verdict=CLEAN spf=PASS
2026-05-31T12:20:55.999Z EMAIL-GW from=hr@corp.com to=user_01@corp.com verdict=CLEAN spf=PASS
2026-05-31T12:21:31.419Z EMAIL-GW from=notifications@github.com to=user_20@corp.com verdict=CLEAN spf=PASS
2026-05-31T12:22:37.730Z EMAIL-GW from=notifications@github.com to=user_08@corp.com verdict=CLEAN spf=PASS
2026-05-31T12:26:42.378Z EMAIL-GW from=hr@corp.com to=user_15@corp.com verdict=CLEAN spf=PASS
2026-05-31T12:28:16.152Z EMAIL-GW from=alerts@splunk.corp.com to=user_06@corp.com verdict=CLEAN spf=PASS
