2026-05-31T13:28:45.038Z EMAIL-GW from=noreply@corp.com to=user_02@corp.com verdict=CLEAN spf=PASS
2026-05-31T13:30:14.622Z EMAIL-GW from=alerts@splunk.corp.com to=user_09@corp.com verdict=CLEAN spf=PASS
2026-05-31T13:31:04.706Z EMAIL-GW from=notifications@github.com to=user_09@corp.com verdict=CLEAN spf=PASS
2026-05-31T13:37:23.449Z EMAIL-GW from=hr@corp.com to=user_06@corp.com verdict=CLEAN spf=PASS
2026-05-31T13:39:48.622Z EMAIL-GW from=it@corp.com to=user_29@corp.com verdict=CLEAN spf=PASS
2026-05-31T13:41:01.157Z EMAIL-GW from=noreply@corp.com to=user_25@corp.com verdict=CLEAN spf=PASS
2026-05-31T13:41:25.692Z EMAIL-GW from=it@corp.com to=user_28@corp.com verdict=CLEAN spf=PASS
2026-05-31T13:43:28.593Z EMAIL-GW from=notifications@github.com to=user_21@corp.com verdict=CLEAN spf=PASS
2026-05-31T13:45:42.802Z EMAIL-GW from=it@corp.com to=user_24@corp.com verdict=CLEAN spf=PASS
2026-05-31T13:45:56.147Z EMAIL-GW from=noreply@corp.com to=user_04@corp.com verdict=CLEAN spf=PASS
2026-05-31T13:46:24.658Z EMAIL-GW from=it@corp.com to=user_22@corp.com verdict=CLEAN spf=PASS
2026-05-31T13:47:07.277Z EMAIL-GW from=it@corp.com to=user_15@corp.com verdict=CLEAN spf=PASS
2026-05-31T13:47:50.913Z EMAIL-GW from=hr@corp.com to=user_18@corp.com verdict=CLEAN spf=PASS
2026-05-31T13:48:14.548Z EMAIL-GW from=notifications@github.com to=user_30@corp.com verdict=CLEAN spf=PASS
2026-05-31T13:50:29.888Z EMAIL-GW from=notifications@github.com to=user_15@corp.com verdict=CLEAN spf=PASS
2026-05-31T13:51:24.968Z EMAIL-GW from=noreply@corp.com to=user_26@corp.com verdict=CLEAN spf=PASS
2026-05-31T13:51:28.273Z EMAIL-GW from=notifications@github.com to=user_15@corp.com verdict=CLEAN spf=PASS
2026-05-31T13:55:14.536Z EMAIL-GW from=notifications@github.com to=user_12@corp.com verdict=CLEAN spf=PASS
2026-05-31T13:56:59.788Z EMAIL-GW from=alerts@splunk.corp.com to=user_30@corp.com verdict=CLEAN spf=PASS
2026-05-31T13:59:00.721Z EMAIL-GW from=noreply@corp.com to=user_19@corp.com verdict=CLEAN spf=PASS
2026-05-31T14:02:10.579Z EMAIL-GW from=noreply@corp.com to=user_16@corp.com verdict=CLEAN spf=PASS
2026-05-31T14:05:03.544Z EMAIL-GW from=it@corp.com to=user_06@corp.com verdict=CLEAN spf=PASS
2026-05-31T14:07:47.294Z EMAIL-GW from=alerts@splunk.corp.com to=user_18@corp.com verdict=CLEAN spf=PASS
2026-05-31T14:07:49.635Z EMAIL-GW from=noreply@corp.com to=user_15@corp.com verdict=CLEAN spf=PASS
2026-05-31T14:10:12.897Z EMAIL-GW from=hr@corp.com to=user_09@corp.com verdict=CLEAN spf=PASS
2026-05-31T14:11:04.178Z EMAIL-GW from=it@corp.com to=user_26@corp.com verdict=CLEAN spf=PASS
2026-05-31T14:12:08.879Z EMAIL-GW from=alerts@splunk.corp.com to=user_02@corp.com verdict=CLEAN spf=PASS
2026-05-31T14:12:49.780Z EMAIL-GW from=noreply@corp.com to=user_17@corp.com verdict=CLEAN spf=PASS
2026-05-31T14:14:15.191Z EMAIL-GW from=alerts@splunk.corp.com to=user_02@corp.com verdict=CLEAN spf=PASS
2026-05-31T14:14:35.327Z EMAIL-GW from=hr@corp.com to=user_12@corp.com verdict=CLEAN spf=PASS
2026-05-31T14:15:46.896Z EMAIL-GW from=hr@corp.com to=user_07@corp.com verdict=CLEAN spf=PASS
2026-05-31T14:17:04.575Z EMAIL-GW from=it@corp.com to=user_15@corp.com verdict=CLEAN spf=PASS
2026-05-31T14:20:34.742Z EMAIL-GW from=notifications@github.com to=user_16@corp.com verdict=CLEAN spf=PASS
2026-05-31T14:21:19.402Z EMAIL-GW from=hr@corp.com to=user_10@corp.com verdict=CLEAN spf=PASS
2026-05-31T14:21:20.189Z EMAIL-GW from=notifications@github.com to=user_28@corp.com verdict=CLEAN spf=PASS
2026-05-31T14:22:10.584Z EMAIL-GW from=it@corp.com to=user_28@corp.com verdict=CLEAN spf=PASS
2026-05-31T14:22:35.594Z EMAIL-GW from=alerts@splunk.corp.com to=user_06@corp.com verdict=CLEAN spf=PASS
2026-05-31T14:23:28.616Z EMAIL-GW from=alerts@splunk.corp.com to=user_29@corp.com verdict=CLEAN spf=PASS
2026-05-31T14:25:10.272Z EMAIL-GW from=hr@corp.com to=user_17@corp.com verdict=CLEAN spf=PASS
2026-05-31T14:27:34.014Z EMAIL-GW from=alerts@splunk.corp.com to=user_02@corp.com verdict=CLEAN spf=PASS
