2026-05-31T13:29:26.841Z WKS0021 Sysmon EventID=11 ProcessCreate User=CORP/user_13 Details="FileCreate C:\Users\user_13\Downloads\invoice.exe"
2026-05-31T13:31:19.596Z WKS0010 Sysmon EventID=22 ProcessCreate User=CORP/user_24 Details="DNS query suspicious-domain.xyz"
2026-05-31T13:34:21.574Z WKS0025 Sysmon EventID=11 ProcessCreate User=CORP/user_13 Details="FileCreate C:\Users\user_13\Downloads\invoice.exe"
2026-05-31T13:37:12.872Z WKS0018 Sysmon EventID=11 ProcessCreate User=CORP/user_27 Details="FileCreate C:\Users\user_27\Downloads\invoice.exe"
2026-05-31T13:37:25.564Z WKS0021 Sysmon EventID=22 ProcessCreate User=CORP/user_01 Details="DNS query suspicious-domain.xyz"
2026-05-31T13:37:29.272Z WKS0023 Sysmon EventID=3 ProcessCreate User=CORP/user_15 Details="outbound to 203.0.113.2"
2026-05-31T13:44:31.032Z WKS0002 Sysmon EventID=22 ProcessCreate User=CORP/user_27 Details="DNS query suspicious-domain.xyz"
2026-05-31T13:45:15.140Z WKS0006 Sysmon EventID=1 ProcessCreate User=CORP/user_01 Details="powershell.exe -enc ..."
2026-05-31T13:53:40.170Z WKS0009 Sysmon EventID=1 ProcessCreate User=CORP/user_13 Details="reg query HKLM\Software"
2026-05-31T14:06:04.604Z WKS0010 Sysmon EventID=22 ProcessCreate User=CORP/user_07 Details="DNS query suspicious-domain.xyz"
2026-05-31T14:07:55.778Z WKS0001 Sysmon EventID=22 ProcessCreate User=CORP/user_19 Details="DNS query suspicious-domain.xyz"
2026-05-31T14:09:16.430Z WKS0009 Sysmon EventID=3 ProcessCreate User=CORP/user_25 Details="outbound to 185.130.5.253"
2026-05-31T14:11:18.932Z WKS0007 Sysmon EventID=22 ProcessCreate User=CORP/user_03 Details="DNS query suspicious-domain.xyz"
2026-05-31T14:13:19.637Z WKS0024 Sysmon EventID=22 ProcessCreate User=CORP/user_23 Details="DNS query suspicious-domain.xyz"
2026-05-31T14:14:19.228Z WKS0006 Sysmon EventID=22 ProcessCreate User=CORP/user_18 Details="DNS query suspicious-domain.xyz"
2026-05-31T14:14:49.630Z WKS0016 Sysmon EventID=8 CreateRemoteThread User=CORP/user_14 Details="powershell.exe -> lsass.exe"
2026-05-31T14:16:03.980Z WKS0002 Sysmon EventID=1 ProcessCreate User=CORP/user_03 Details="wmic process list brief"
2026-05-31T14:16:54.007Z WKS0021 Sysmon EventID=8 CreateRemoteThread User=CORP/user_24 Details="powershell.exe -> lsass.exe"
2026-05-31T14:17:02.779Z WKS0024 Sysmon EventID=11 ProcessCreate User=CORP/user_21 Details="FileCreate C:\Users\user_21\Downloads\invoice.exe"
2026-05-31T14:18:20.927Z WKS0021 Sysmon EventID=3 NetworkConnect User=CORP/user_24 Details="outbound to 203.0.113.1"
2026-05-31T14:18:26.072Z WKS0010 Sysmon EventID=3 NetworkConnect User=CORP/user_19 Details="outbound to 203.0.113.3"
2026-05-31T14:21:42.957Z WKS0025 Sysmon EventID=22 ProcessCreate User=CORP/user_26 Details="DNS query suspicious-domain.xyz"
2026-05-31T14:24:29.488Z WKS0010 Sysmon EventID=8 CreateRemoteThread User=CORP/user_19 Details="powershell.exe -> lsass.exe"
2026-05-31T14:25:05.017Z WKS0005 Sysmon EventID=22 ProcessCreate User=CORP/user_23 Details="DNS query suspicious-domain.xyz"
2026-05-31T14:27:27.186Z WKS0016 Sysmon EventID=3 NetworkConnect User=CORP/user_14 Details="outbound to 203.0.113.2"
2026-05-31T14:28:30.381Z WKS0001 Sysmon EventID=22 ProcessCreate User=CORP/user_06 Details="DNS query suspicious-domain.xyz"
