2026-05-31T07:28:45.276Z EMAIL-GW from=notifications@github.com to=user_18@corp.com verdict=CLEAN spf=PASS
2026-05-31T07:29:03.623Z EMAIL-GW from=it@corp.com to=user_27@corp.com verdict=CLEAN spf=PASS
2026-05-31T07:29:25.996Z EMAIL-GW from=alerts@splunk.corp.com to=user_30@corp.com verdict=CLEAN spf=PASS
2026-05-31T07:29:49.347Z EMAIL-GW from=noreply@corp.com to=user_16@corp.com verdict=CLEAN spf=PASS
2026-05-31T07:30:39.791Z EMAIL-GW from=noreply@corp.com to=user_02@corp.com verdict=CLEAN spf=PASS
2026-05-31T07:36:44.176Z EMAIL-GW from=notifications@github.com to=user_16@corp.com verdict=CLEAN spf=PASS
2026-05-31T07:38:45.916Z EMAIL-GW from=admin@corp-portal.xyz to=user_08@corp.com verdict=PHISH_CLICKED spf=FAIL
2026-05-31T07:39:29.093Z EMAIL-GW from=it@corp.com to=user_20@corp.com verdict=CLEAN spf=PASS
2026-05-31T07:43:34.789Z EMAIL-GW from=noreply@corp.com to=user_25@corp.com verdict=CLEAN spf=PASS
2026-05-31T07:45:21.430Z EMAIL-GW from=it@corp.com to=user_01@corp.com verdict=CLEAN spf=PASS
2026-05-31T07:46:28.619Z EMAIL-GW from=notifications@github.com to=user_23@corp.com verdict=CLEAN spf=PASS
2026-05-31T07:46:53.698Z EMAIL-GW from=urgent@ceo-phish.com to=user_08@corp.com verdict=PHISH_CLICKED spf=FAIL
2026-05-31T07:47:15.858Z EMAIL-GW from=it@corp.com to=user_23@corp.com verdict=CLEAN spf=PASS
2026-05-31T07:50:12.132Z EMAIL-GW from=alerts@splunk.corp.com to=user_24@corp.com verdict=CLEAN spf=PASS
2026-05-31T07:50:44.281Z EMAIL-GW from=hr@corp.com to=user_28@corp.com verdict=CLEAN spf=PASS
2026-05-31T07:51:54.787Z EMAIL-GW from=alerts@splunk.corp.com to=user_09@corp.com verdict=CLEAN spf=PASS
2026-05-31T07:54:20.337Z EMAIL-GW from=noreply@corp.com to=user_11@corp.com verdict=CLEAN spf=PASS
2026-05-31T07:54:34.583Z EMAIL-GW from=support@micosoft-secure.com to=user_14@corp.com verdict=PHISH_CLICKED spf=FAIL
2026-05-31T07:56:30.977Z EMAIL-GW from=alerts@splunk.corp.com to=user_16@corp.com verdict=CLEAN spf=PASS
2026-05-31T07:57:07.211Z EMAIL-GW from=notifications@github.com to=user_11@corp.com verdict=CLEAN spf=PASS
2026-05-31T07:58:19.768Z EMAIL-GW from=urgent@ceo-phish.com to=user_30@corp.com verdict=PHISH spf=FAIL
2026-05-31T07:59:38.862Z EMAIL-GW from=notifications@github.com to=user_22@corp.com verdict=CLEAN spf=PASS
2026-05-31T08:00:23.469Z EMAIL-GW from=notifications@github.com to=user_20@corp.com verdict=CLEAN spf=PASS
2026-05-31T08:01:59.369Z EMAIL-GW from=noreply@corp.com to=user_27@corp.com verdict=CLEAN spf=PASS
2026-05-31T08:02:10.494Z EMAIL-GW from=notifications@github.com to=user_14@corp.com verdict=CLEAN spf=PASS
2026-05-31T08:07:01.344Z EMAIL-GW from=urgent@ceo-phish.com to=user_08@corp.com verdict=PHISH_CLICKED spf=FAIL
2026-05-31T08:07:47.301Z EMAIL-GW from=invoice@fake-bill.net to=user_25@corp.com verdict=PHISH spf=FAIL
2026-05-31T08:09:36.436Z EMAIL-GW from=alerts@splunk.corp.com to=user_10@corp.com verdict=CLEAN spf=PASS
2026-05-31T08:11:07.700Z EMAIL-GW from=it@corp.com to=user_29@corp.com verdict=CLEAN spf=PASS
2026-05-31T08:11:58.615Z EMAIL-GW from=hr@corp.com to=user_08@corp.com verdict=CLEAN spf=PASS
2026-05-31T08:14:54.089Z EMAIL-GW from=noreply@corp.com to=user_14@corp.com verdict=CLEAN spf=PASS
2026-05-31T08:15:15.152Z EMAIL-GW from=alerts@splunk.corp.com to=user_24@corp.com verdict=CLEAN spf=PASS
2026-05-31T08:15:18.386Z EMAIL-GW from=notifications@github.com to=user_12@corp.com verdict=CLEAN spf=PASS
2026-05-31T08:16:12.301Z EMAIL-GW from=noreply@corp.com to=user_08@corp.com verdict=CLEAN spf=PASS
2026-05-31T08:16:54.461Z EMAIL-GW from=noreply@corp.com to=user_11@corp.com verdict=CLEAN spf=PASS
2026-05-31T08:17:32.067Z EMAIL-GW from=alerts@splunk.corp.com to=user_22@corp.com verdict=CLEAN spf=PASS
2026-05-31T08:19:15.995Z EMAIL-GW from=hr@corp.com to=user_18@corp.com verdict=CLEAN spf=PASS
2026-05-31T08:20:43.197Z EMAIL-GW from=alerts@splunk.corp.com to=user_13@corp.com verdict=CLEAN spf=PASS
2026-05-31T08:21:04.466Z EMAIL-GW from=it@corp.com to=user_12@corp.com verdict=CLEAN spf=PASS
2026-05-31T08:21:06.593Z EMAIL-GW from=it@corp.com to=user_06@corp.com verdict=CLEAN spf=PASS
2026-05-31T08:21:51.089Z EMAIL-GW from=it@corp.com to=user_05@corp.com verdict=CLEAN spf=PASS
2026-05-31T08:23:27.629Z EMAIL-GW from=notifications@github.com to=user_09@corp.com verdict=CLEAN spf=PASS
2026-05-31T08:23:54.569Z EMAIL-GW from=alerts@splunk.corp.com to=user_18@corp.com verdict=CLEAN spf=PASS
2026-05-31T08:24:09.853Z EMAIL-GW from=alerts@splunk.corp.com to=user_27@corp.com verdict=CLEAN spf=PASS
2026-05-31T08:25:45.439Z EMAIL-GW from=hr@corp.com to=user_21@corp.com verdict=CLEAN spf=PASS
2026-05-31T08:25:45.749Z EMAIL-GW from=noreply@corp.com to=user_30@corp.com verdict=CLEAN spf=PASS
