2026-05-31T09:29:28.712Z EMAIL-GW from=alerts@splunk.corp.com to=user_20@corp.com verdict=CLEAN spf=PASS
2026-05-31T09:30:48.100Z EMAIL-GW from=hr@corp.com to=user_05@corp.com verdict=CLEAN spf=PASS
2026-05-31T09:32:00.290Z EMAIL-GW from=noreply@corp.com to=user_07@corp.com verdict=CLEAN spf=PASS
2026-05-31T09:32:57.973Z EMAIL-GW from=hr@corp.com to=user_19@corp.com verdict=CLEAN spf=PASS
2026-05-31T09:36:58.041Z EMAIL-GW from=notifications@github.com to=user_04@corp.com verdict=CLEAN spf=PASS
2026-05-31T09:37:51.737Z EMAIL-GW from=hr@corp.com to=user_29@corp.com verdict=CLEAN spf=PASS
2026-05-31T09:38:57.636Z EMAIL-GW from=alerts@splunk.corp.com to=user_02@corp.com verdict=CLEAN spf=PASS
2026-05-31T09:40:57.174Z EMAIL-GW from=urgent@ceo-phish.com to=user_15@corp.com verdict=PHISH spf=FAIL
2026-05-31T09:41:21.252Z EMAIL-GW from=notifications@github.com to=user_10@corp.com verdict=CLEAN spf=PASS
2026-05-31T09:41:32.397Z EMAIL-GW from=invoice@fake-bill.net to=user_24@corp.com verdict=PHISH spf=FAIL
2026-05-31T09:41:44.483Z EMAIL-GW from=urgent@ceo-phish.com to=user_19@corp.com verdict=PHISH spf=FAIL
2026-05-31T09:42:17.757Z EMAIL-GW from=notifications@github.com to=user_17@corp.com verdict=CLEAN spf=PASS
2026-05-31T09:44:47.254Z EMAIL-GW from=urgent@ceo-phish.com to=user_21@corp.com verdict=PHISH spf=FAIL
2026-05-31T09:47:01.034Z EMAIL-GW from=alerts@splunk.corp.com to=user_29@corp.com verdict=CLEAN spf=PASS
2026-05-31T09:48:28.271Z EMAIL-GW from=notifications@github.com to=user_12@corp.com verdict=CLEAN spf=PASS
2026-05-31T09:50:53.130Z EMAIL-GW from=it@corp.com to=user_07@corp.com verdict=CLEAN spf=PASS
2026-05-31T09:51:10.021Z EMAIL-GW from=hr@corp.com to=user_28@corp.com verdict=CLEAN spf=PASS
2026-05-31T09:52:03.328Z EMAIL-GW from=it@corp.com to=user_05@corp.com verdict=CLEAN spf=PASS
2026-05-31T09:52:24.395Z EMAIL-GW from=noreply@corp.com to=user_12@corp.com verdict=CLEAN spf=PASS
2026-05-31T09:53:42.372Z EMAIL-GW from=alerts@splunk.corp.com to=user_18@corp.com verdict=CLEAN spf=PASS
2026-05-31T09:58:31.052Z EMAIL-GW from=alerts@splunk.corp.com to=user_26@corp.com verdict=CLEAN spf=PASS
2026-05-31T09:58:49.922Z EMAIL-GW from=invoice@fake-bill.net to=user_13@corp.com verdict=PHISH spf=FAIL
2026-05-31T09:59:40.373Z EMAIL-GW from=notifications@github.com to=user_28@corp.com verdict=CLEAN spf=PASS
2026-05-31T10:01:29.981Z EMAIL-GW from=notifications@github.com to=user_26@corp.com verdict=CLEAN spf=PASS
2026-05-31T10:02:17.931Z EMAIL-GW from=hr@corp.com to=user_26@corp.com verdict=CLEAN spf=PASS
2026-05-31T10:02:28.964Z EMAIL-GW from=it@corp.com to=user_14@corp.com verdict=CLEAN spf=PASS
2026-05-31T10:03:12.801Z EMAIL-GW from=support@micosoft-secure.com to=user_18@corp.com verdict=PHISH spf=FAIL
2026-05-31T10:03:48.123Z EMAIL-GW from=it@corp.com to=user_02@corp.com verdict=CLEAN spf=PASS
2026-05-31T10:07:06.022Z EMAIL-GW from=alerts@splunk.corp.com to=user_01@corp.com verdict=CLEAN spf=PASS
2026-05-31T10:08:24.011Z EMAIL-GW from=it@corp.com to=user_05@corp.com verdict=CLEAN spf=PASS
2026-05-31T10:09:09.162Z EMAIL-GW from=noreply@corp.com to=user_07@corp.com verdict=CLEAN spf=PASS
2026-05-31T10:11:15.309Z EMAIL-GW from=hr@corp.com to=user_08@corp.com verdict=CLEAN spf=PASS
2026-05-31T10:14:21.154Z EMAIL-GW from=hr@corp.com to=user_08@corp.com verdict=CLEAN spf=PASS
2026-05-31T10:15:44.809Z EMAIL-GW from=alerts@splunk.corp.com to=user_23@corp.com verdict=CLEAN spf=PASS
2026-05-31T10:16:09.011Z EMAIL-GW from=it@corp.com to=user_26@corp.com verdict=CLEAN spf=PASS
2026-05-31T10:16:23.293Z EMAIL-GW from=notifications@github.com to=user_05@corp.com verdict=CLEAN spf=PASS
2026-05-31T10:16:36.001Z EMAIL-GW from=it@corp.com to=user_25@corp.com verdict=CLEAN spf=PASS
2026-05-31T10:18:06.389Z EMAIL-GW from=hr@corp.com to=user_20@corp.com verdict=CLEAN spf=PASS
2026-05-31T10:18:51.279Z EMAIL-GW from=hr@corp.com to=user_20@corp.com verdict=CLEAN spf=PASS
2026-05-31T10:18:57.337Z EMAIL-GW from=noreply@corp.com to=user_11@corp.com verdict=CLEAN spf=PASS
2026-05-31T10:22:15.982Z EMAIL-GW from=alerts@splunk.corp.com to=user_24@corp.com verdict=CLEAN spf=PASS
2026-05-31T10:22:58.129Z EMAIL-GW from=alerts@splunk.corp.com to=user_27@corp.com verdict=CLEAN spf=PASS
2026-05-31T10:24:54.744Z EMAIL-GW from=it@corp.com to=user_02@corp.com verdict=CLEAN spf=PASS
2026-05-31T10:25:47.950Z EMAIL-GW from=alerts@splunk.corp.com to=user_15@corp.com verdict=CLEAN spf=PASS
2026-05-31T10:26:23.890Z EMAIL-GW from=hr@corp.com to=user_06@corp.com verdict=CLEAN spf=PASS
2026-05-31T10:27:22.752Z EMAIL-GW from=hr@corp.com to=user_22@corp.com verdict=CLEAN spf=PASS
