2026-05-31T08:29:42.177Z EMAIL-GW from=alerts@splunk.corp.com to=user_29@corp.com verdict=CLEAN spf=PASS
2026-05-31T08:30:03.209Z EMAIL-GW from=alerts@splunk.corp.com to=user_30@corp.com verdict=CLEAN spf=PASS
2026-05-31T08:35:49.490Z EMAIL-GW from=notifications@github.com to=user_20@corp.com verdict=CLEAN spf=PASS
2026-05-31T08:38:22.441Z EMAIL-GW from=it@corp.com to=user_10@corp.com verdict=CLEAN spf=PASS
2026-05-31T08:41:53.259Z EMAIL-GW from=notifications@github.com to=user_10@corp.com verdict=CLEAN spf=PASS
2026-05-31T08:43:01.371Z EMAIL-GW from=hr@corp.com to=user_26@corp.com verdict=CLEAN spf=PASS
2026-05-31T08:45:47.714Z EMAIL-GW from=it@corp.com to=user_18@corp.com verdict=CLEAN spf=PASS
2026-05-31T08:50:39.676Z EMAIL-GW from=noreply@corp.com to=user_27@corp.com verdict=CLEAN spf=PASS
2026-05-31T08:50:51.863Z EMAIL-GW from=notifications@github.com to=user_19@corp.com verdict=CLEAN spf=PASS
2026-05-31T08:51:50.209Z EMAIL-GW from=it@corp.com to=user_10@corp.com verdict=CLEAN spf=PASS
2026-05-31T08:53:45.044Z EMAIL-GW from=alerts@splunk.corp.com to=user_13@corp.com verdict=CLEAN spf=PASS
2026-05-31T08:55:03.801Z EMAIL-GW from=notifications@github.com to=user_26@corp.com verdict=CLEAN spf=PASS
2026-05-31T08:56:09.738Z EMAIL-GW from=alerts@splunk.corp.com to=user_07@corp.com verdict=CLEAN spf=PASS
2026-05-31T08:58:47.314Z EMAIL-GW from=it@corp.com to=user_20@corp.com verdict=CLEAN spf=PASS
2026-05-31T08:59:52.005Z EMAIL-GW from=alerts@splunk.corp.com to=user_13@corp.com verdict=CLEAN spf=PASS
2026-05-31T09:00:43.109Z EMAIL-GW from=notifications@github.com to=user_11@corp.com verdict=CLEAN spf=PASS
2026-05-31T09:01:24.875Z EMAIL-GW from=noreply@corp.com to=user_23@corp.com verdict=CLEAN spf=PASS
2026-05-31T09:01:25.140Z EMAIL-GW from=hr@corp.com to=user_04@corp.com verdict=CLEAN spf=PASS
2026-05-31T09:03:41.848Z EMAIL-GW from=alerts@splunk.corp.com to=user_05@corp.com verdict=CLEAN spf=PASS
2026-05-31T09:05:07.685Z EMAIL-GW from=hr@corp.com to=user_23@corp.com verdict=CLEAN spf=PASS
2026-05-31T09:05:13.001Z EMAIL-GW from=hr@corp.com to=user_10@corp.com verdict=CLEAN spf=PASS
2026-05-31T09:07:50.365Z EMAIL-GW from=hr@corp.com to=user_30@corp.com verdict=CLEAN spf=PASS
2026-05-31T09:08:14.558Z EMAIL-GW from=noreply@corp.com to=user_25@corp.com verdict=CLEAN spf=PASS
2026-05-31T09:08:55.523Z EMAIL-GW from=alerts@splunk.corp.com to=user_08@corp.com verdict=CLEAN spf=PASS
2026-05-31T09:09:20.400Z EMAIL-GW from=hr@corp.com to=user_25@corp.com verdict=CLEAN spf=PASS
2026-05-31T09:09:50.660Z EMAIL-GW from=it@corp.com to=user_05@corp.com verdict=CLEAN spf=PASS
2026-05-31T09:12:56.987Z EMAIL-GW from=it@corp.com to=user_04@corp.com verdict=CLEAN spf=PASS
2026-05-31T09:13:49.318Z EMAIL-GW from=alerts@splunk.corp.com to=user_15@corp.com verdict=CLEAN spf=PASS
2026-05-31T09:14:50.338Z EMAIL-GW from=noreply@corp.com to=user_22@corp.com verdict=CLEAN spf=PASS
2026-05-31T09:15:32.305Z EMAIL-GW from=it@corp.com to=user_29@corp.com verdict=CLEAN spf=PASS
2026-05-31T09:16:03.835Z EMAIL-GW from=it@corp.com to=user_08@corp.com verdict=CLEAN spf=PASS
2026-05-31T09:16:47.585Z EMAIL-GW from=noreply@corp.com to=user_24@corp.com verdict=CLEAN spf=PASS
2026-05-31T09:18:50.849Z EMAIL-GW from=noreply@corp.com to=user_29@corp.com verdict=CLEAN spf=PASS
2026-05-31T09:19:54.231Z EMAIL-GW from=alerts@splunk.corp.com to=user_27@corp.com verdict=CLEAN spf=PASS
2026-05-31T09:19:55.938Z EMAIL-GW from=noreply@corp.com to=user_05@corp.com verdict=CLEAN spf=PASS
2026-05-31T09:20:36.576Z EMAIL-GW from=noreply@corp.com to=user_05@corp.com verdict=CLEAN spf=PASS
2026-05-31T09:23:17.768Z EMAIL-GW from=notifications@github.com to=user_11@corp.com verdict=CLEAN spf=PASS
2026-05-31T09:23:33.103Z EMAIL-GW from=it@corp.com to=user_25@corp.com verdict=CLEAN spf=PASS
2026-05-31T09:25:59.102Z EMAIL-GW from=noreply@corp.com to=user_16@corp.com verdict=CLEAN spf=PASS
2026-05-31T09:27:09.219Z EMAIL-GW from=hr@corp.com to=user_30@corp.com verdict=CLEAN spf=PASS
