2026-05-31T10:29:50.537Z EMAIL-GW from=alerts@splunk.corp.com to=user_14@corp.com verdict=CLEAN spf=PASS
2026-05-31T10:30:15.416Z EMAIL-GW from=notifications@github.com to=user_21@corp.com verdict=CLEAN spf=PASS
2026-05-31T10:32:55.769Z EMAIL-GW from=alerts@splunk.corp.com to=user_23@corp.com verdict=CLEAN spf=PASS
2026-05-31T10:34:10.396Z EMAIL-GW from=hr@corp.com to=user_25@corp.com verdict=CLEAN spf=PASS
2026-05-31T10:37:38.545Z EMAIL-GW from=notifications@github.com to=user_29@corp.com verdict=CLEAN spf=PASS
2026-05-31T10:38:03.238Z EMAIL-GW from=hr@corp.com to=user_06@corp.com verdict=CLEAN spf=PASS
2026-05-31T10:39:02.233Z EMAIL-GW from=it@corp.com to=user_02@corp.com verdict=CLEAN spf=PASS
2026-05-31T10:39:33.794Z EMAIL-GW from=notifications@github.com to=user_06@corp.com verdict=CLEAN spf=PASS
2026-05-31T10:40:42.411Z EMAIL-GW from=alerts@splunk.corp.com to=user_01@corp.com verdict=CLEAN spf=PASS
2026-05-31T10:41:51.371Z EMAIL-GW from=alerts@splunk.corp.com to=user_27@corp.com verdict=CLEAN spf=PASS
2026-05-31T10:42:48.776Z EMAIL-GW from=notifications@github.com to=user_05@corp.com verdict=CLEAN spf=PASS
2026-05-31T10:42:55.641Z EMAIL-GW from=alerts@splunk.corp.com to=user_15@corp.com verdict=CLEAN spf=PASS
2026-05-31T10:43:59.597Z EMAIL-GW from=urgent@ceo-phish.com to=user_30@corp.com verdict=PHISH spf=FAIL
2026-05-31T10:45:24.618Z EMAIL-GW from=notifications@github.com to=user_28@corp.com verdict=CLEAN spf=PASS
2026-05-31T10:45:59.660Z EMAIL-GW from=noreply@corp.com to=user_17@corp.com verdict=CLEAN spf=PASS
2026-05-31T10:46:20.990Z EMAIL-GW from=notifications@github.com to=user_24@corp.com verdict=CLEAN spf=PASS
2026-05-31T10:47:17.723Z EMAIL-GW from=invoice@fake-bill.net to=user_11@corp.com verdict=PHISH_CLICKED spf=FAIL
2026-05-31T10:48:43.937Z EMAIL-GW from=noreply@corp.com to=user_17@corp.com verdict=CLEAN spf=PASS
2026-05-31T10:50:28.483Z EMAIL-GW from=alerts@splunk.corp.com to=user_11@corp.com verdict=CLEAN spf=PASS
2026-05-31T10:50:36.049Z EMAIL-GW from=noreply@corp.com to=user_27@corp.com verdict=CLEAN spf=PASS
2026-05-31T10:50:47.267Z EMAIL-GW from=noreply@corp.com to=user_21@corp.com verdict=CLEAN spf=PASS
2026-05-31T10:51:32.321Z EMAIL-GW from=notifications@github.com to=user_17@corp.com verdict=CLEAN spf=PASS
2026-05-31T10:54:13.947Z EMAIL-GW from=notifications@github.com to=user_14@corp.com verdict=CLEAN spf=PASS
2026-05-31T10:54:58.596Z EMAIL-GW from=hr@corp.com to=user_13@corp.com verdict=CLEAN spf=PASS
2026-05-31T10:56:39.193Z EMAIL-GW from=admin@corp-portal.xyz to=user_01@corp.com verdict=PHISH_CLICKED spf=FAIL
2026-05-31T10:57:28.165Z EMAIL-GW from=hr@corp.com to=user_13@corp.com verdict=CLEAN spf=PASS
2026-05-31T10:59:39.203Z EMAIL-GW from=support@micosoft-secure.com to=user_09@corp.com verdict=PHISH spf=FAIL
2026-05-31T11:03:46.096Z EMAIL-GW from=admin@corp-portal.xyz to=user_25@corp.com verdict=PHISH spf=FAIL
2026-05-31T11:04:24.096Z EMAIL-GW from=alerts@splunk.corp.com to=user_21@corp.com verdict=CLEAN spf=PASS
2026-05-31T11:05:15.974Z EMAIL-GW from=alerts@splunk.corp.com to=user_25@corp.com verdict=CLEAN spf=PASS
2026-05-31T11:05:55.882Z EMAIL-GW from=it@corp.com to=user_17@corp.com verdict=CLEAN spf=PASS
2026-05-31T11:06:57.004Z EMAIL-GW from=it@corp.com to=user_05@corp.com verdict=CLEAN spf=PASS
2026-05-31T11:07:00.322Z EMAIL-GW from=hr@corp.com to=user_20@corp.com verdict=CLEAN spf=PASS
2026-05-31T11:08:02.206Z EMAIL-GW from=invoice@fake-bill.net to=user_17@corp.com verdict=PHISH spf=FAIL
2026-05-31T11:08:35.103Z EMAIL-GW from=it@corp.com to=user_23@corp.com verdict=CLEAN spf=PASS
2026-05-31T11:11:47.807Z EMAIL-GW from=notifications@github.com to=user_04@corp.com verdict=CLEAN spf=PASS
2026-05-31T11:11:55.030Z EMAIL-GW from=hr@corp.com to=user_24@corp.com verdict=CLEAN spf=PASS
2026-05-31T11:17:08.397Z EMAIL-GW from=alerts@splunk.corp.com to=user_08@corp.com verdict=CLEAN spf=PASS
2026-05-31T11:18:02.457Z EMAIL-GW from=hr@corp.com to=user_23@corp.com verdict=CLEAN spf=PASS
2026-05-31T11:19:23.833Z EMAIL-GW from=hr@corp.com to=user_13@corp.com verdict=CLEAN spf=PASS
2026-05-31T11:19:24.882Z EMAIL-GW from=hr@corp.com to=user_04@corp.com verdict=CLEAN spf=PASS
2026-05-31T11:19:40.121Z EMAIL-GW from=noreply@corp.com to=user_14@corp.com verdict=CLEAN spf=PASS
2026-05-31T11:19:43.439Z EMAIL-GW from=hr@corp.com to=user_01@corp.com verdict=CLEAN spf=PASS
2026-05-31T11:19:59.311Z EMAIL-GW from=alerts@splunk.corp.com to=user_26@corp.com verdict=CLEAN spf=PASS
2026-05-31T11:25:47.533Z EMAIL-GW from=noreply@corp.com to=user_01@corp.com verdict=CLEAN spf=PASS
2026-05-31T11:26:52.459Z EMAIL-GW from=hr@corp.com to=user_04@corp.com verdict=CLEAN spf=PASS
