2026-05-31T06:29:17.895Z EMAIL-GW from=it@corp.com to=user_17@corp.com verdict=CLEAN spf=PASS
2026-05-31T06:30:18.036Z EMAIL-GW from=it@corp.com to=user_22@corp.com verdict=CLEAN spf=PASS
2026-05-31T06:30:53.988Z EMAIL-GW from=noreply@corp.com to=user_14@corp.com verdict=CLEAN spf=PASS
2026-05-31T06:30:57.132Z EMAIL-GW from=noreply@corp.com to=user_13@corp.com verdict=CLEAN spf=PASS
2026-05-31T06:36:15.098Z EMAIL-GW from=alerts@splunk.corp.com to=user_06@corp.com verdict=CLEAN spf=PASS
2026-05-31T06:37:07.197Z EMAIL-GW from=alerts@splunk.corp.com to=user_18@corp.com verdict=CLEAN spf=PASS
2026-05-31T06:38:57.316Z EMAIL-GW from=hr@corp.com to=user_16@corp.com verdict=CLEAN spf=PASS
2026-05-31T06:40:59.810Z EMAIL-GW from=alerts@splunk.corp.com to=user_30@corp.com verdict=CLEAN spf=PASS
2026-05-31T06:41:44.247Z EMAIL-GW from=invoice@fake-bill.net to=user_05@corp.com verdict=PHISH spf=FAIL
2026-05-31T06:43:08.072Z EMAIL-GW from=hr@corp.com to=user_27@corp.com verdict=CLEAN spf=PASS
2026-05-31T06:44:59.707Z EMAIL-GW from=alerts@splunk.corp.com to=user_04@corp.com verdict=CLEAN spf=PASS
2026-05-31T06:45:22.239Z EMAIL-GW from=hr@corp.com to=user_17@corp.com verdict=CLEAN spf=PASS
2026-05-31T06:45:39.389Z EMAIL-GW from=invoice@fake-bill.net to=user_12@corp.com verdict=PHISH spf=FAIL
2026-05-31T06:46:01.903Z EMAIL-GW from=notifications@github.com to=user_11@corp.com verdict=CLEAN spf=PASS
2026-05-31T06:47:56.187Z EMAIL-GW from=hr@corp.com to=user_29@corp.com verdict=CLEAN spf=PASS
2026-05-31T06:48:57.319Z EMAIL-GW from=urgent@ceo-phish.com to=user_13@corp.com verdict=PHISH spf=FAIL
2026-05-31T06:51:57.823Z EMAIL-GW from=it@corp.com to=user_21@corp.com verdict=CLEAN spf=PASS
2026-05-31T06:52:16.655Z EMAIL-GW from=alerts@splunk.corp.com to=user_22@corp.com verdict=CLEAN spf=PASS
2026-05-31T06:52:34.829Z EMAIL-GW from=notifications@github.com to=user_19@corp.com verdict=CLEAN spf=PASS
2026-05-31T06:53:47.197Z EMAIL-GW from=alerts@splunk.corp.com to=user_17@corp.com verdict=CLEAN spf=PASS
2026-05-31T06:54:11.622Z EMAIL-GW from=hr@corp.com to=user_26@corp.com verdict=CLEAN spf=PASS
2026-05-31T06:54:28.609Z EMAIL-GW from=notifications@github.com to=user_12@corp.com verdict=CLEAN spf=PASS
2026-05-31T06:56:08.982Z EMAIL-GW from=invoice@fake-bill.net to=user_23@corp.com verdict=PHISH spf=FAIL
2026-05-31T06:56:21.167Z EMAIL-GW from=notifications@github.com to=user_04@corp.com verdict=CLEAN spf=PASS
2026-05-31T06:56:27.333Z EMAIL-GW from=noreply@corp.com to=user_23@corp.com verdict=CLEAN spf=PASS
2026-05-31T06:56:39.602Z EMAIL-GW from=admin@corp-portal.xyz to=user_12@corp.com verdict=PHISH_CLICKED spf=FAIL
2026-05-31T06:56:41.258Z EMAIL-GW from=urgent@ceo-phish.com to=user_22@corp.com verdict=PHISH spf=FAIL
2026-05-31T06:58:32.825Z EMAIL-GW from=alerts@splunk.corp.com to=user_08@corp.com verdict=CLEAN spf=PASS
2026-05-31T06:58:40.149Z EMAIL-GW from=it@corp.com to=user_13@corp.com verdict=CLEAN spf=PASS
2026-05-31T06:59:55.415Z EMAIL-GW from=noreply@corp.com to=user_04@corp.com verdict=CLEAN spf=PASS
2026-05-31T07:00:51.768Z EMAIL-GW from=notifications@github.com to=user_23@corp.com verdict=CLEAN spf=PASS
2026-05-31T07:02:08.672Z EMAIL-GW from=alerts@splunk.corp.com to=user_19@corp.com verdict=CLEAN spf=PASS
2026-05-31T07:03:03.892Z EMAIL-GW from=hr@corp.com to=user_16@corp.com verdict=CLEAN spf=PASS
2026-05-31T07:07:11.660Z EMAIL-GW from=it@corp.com to=user_17@corp.com verdict=CLEAN spf=PASS
2026-05-31T07:07:24.904Z EMAIL-GW from=hr@corp.com to=user_02@corp.com verdict=CLEAN spf=PASS
2026-05-31T07:07:33.156Z EMAIL-GW from=notifications@github.com to=user_06@corp.com verdict=CLEAN spf=PASS
2026-05-31T07:08:41.993Z EMAIL-GW from=it@corp.com to=user_15@corp.com verdict=CLEAN spf=PASS
2026-05-31T07:13:16.199Z EMAIL-GW from=alerts@splunk.corp.com to=user_28@corp.com verdict=CLEAN spf=PASS
2026-05-31T07:13:41.765Z EMAIL-GW from=hr@corp.com to=user_04@corp.com verdict=CLEAN spf=PASS
2026-05-31T07:13:49.561Z EMAIL-GW from=hr@corp.com to=user_16@corp.com verdict=CLEAN spf=PASS
2026-05-31T07:15:44.395Z EMAIL-GW from=notifications@github.com to=user_19@corp.com verdict=CLEAN spf=PASS
2026-05-31T07:20:45.237Z EMAIL-GW from=hr@corp.com to=user_06@corp.com verdict=CLEAN spf=PASS
2026-05-31T07:21:01.861Z EMAIL-GW from=notifications@github.com to=user_21@corp.com verdict=CLEAN spf=PASS
2026-05-31T07:23:22.347Z EMAIL-GW from=it@corp.com to=user_19@corp.com verdict=CLEAN spf=PASS
2026-05-31T07:23:35.822Z EMAIL-GW from=alerts@splunk.corp.com to=user_12@corp.com verdict=CLEAN spf=PASS
2026-05-31T07:27:51.963Z EMAIL-GW from=hr@corp.com to=user_21@corp.com verdict=CLEAN spf=PASS
